-------------------------------------------------------------------------------
Test set: academy.SeleniumTest
-------------------------------------------------------------------------------
Tests run: 2, Failures: 1, Errors: 0, Skipped: 0, Time elapsed: 1.103 s <<< FAILURE! - in academy.SeleniumTest
academy.SeleniumTest.sele  Time elapsed: 0.138 s  <<< FAILURE!
java.lang.IllegalStateException: The path to the driver executable must be set by the webdriver.chrome.driver system property; for more information, see https://github.com/SeleniumHQ/selenium/wiki/ChromeDriver. The latest version can be downloaded from http://chromedriver.storage.googleapis.com/index.html
	at academy.SeleniumTest.sele(SeleniumTest.java:11)

